Build started 2016/4/25 8:18:52.
     1>Project "C:\Users\DELL\documents\visual studio 2013\Projects\Project5\Project5\Project5.vcxproj" on node 2 (Build target(s)).
     1>ClCompile:
         C:\Program Files (x86)\Microsoft Visual Studio 12.0\VC\bin\CL.exe /c /I"C:\Program Files\NVIDIA GPU Computing Toolkit\CUDA\v7.5\include" /ZI /nologo /W3 /WX- /sdl- /Od /Oy- /D _MBCS /Gm /EHsc /RTC1 /MDd /GS /fp:precise /Zc:wchar_t /Zc:forScope /Fo"Debug\\" /Fd"Debug\vc120.pdb" /Gd /TP /analyze- /errorReport:prompt Source.cpp
         Source.cpp
     1>c:\users\dell\documents\visual studio 2013\projects\project5\project5\source.cpp(26): warning C4996: 'fopen': This function or variable may be unsafe. Consider using fopen_s instead. To disable deprecation, use _CRT_SECURE_NO_WARNINGS. See online help for details.
                 c:\program files (x86)\microsoft visual studio 12.0\vc\include\stdio.h(211) : see declaration of 'fopen'
     1>c:\users\dell\documents\visual studio 2013\projects\project5\project5\source.cpp(53): warning C4996: 'sscanf': This function or variable may be unsafe. Consider using sscanf_s instead. To disable deprecation, use _CRT_SECURE_NO_WARNINGS. See online help for details.
                 c:\program files (x86)\microsoft visual studio 12.0\vc\include\stdio.h(304) : see declaration of 'sscanf'
     1>c:\users\dell\documents\visual studio 2013\projects\project5\project5\source.cpp(83): warning C4996: 'sprintf': This function or variable may be unsafe. Consider using sprintf_s instead. To disable deprecation, use _CRT_SECURE_NO_WARNINGS. See online help for details.
                 c:\program files (x86)\microsoft visual studio 12.0\vc\include\stdio.h(356) : see declaration of 'sprintf'
     1>c:\users\dell\documents\visual studio 2013\projects\project5\project5\source.cpp(88): warning C4996: 'sprintf': This function or variable may be unsafe. Consider using sprintf_s instead. To disable deprecation, use _CRT_SECURE_NO_WARNINGS. See online help for details.
                 c:\program files (x86)\microsoft visual studio 12.0\vc\include\stdio.h(356) : see declaration of 'sprintf'
     1>c:\users\dell\documents\visual studio 2013\projects\project5\project5\source.cpp(93): warning C4996: 'sprintf': This function or variable may be unsafe. Consider using sprintf_s instead. To disable deprecation, use _CRT_SECURE_NO_WARNINGS. See online help for details.
                 c:\program files (x86)\microsoft visual studio 12.0\vc\include\stdio.h(356) : see declaration of 'sprintf'
     1>c:\users\dell\documents\visual studio 2013\projects\project5\project5\source.cpp(123): warning C4996: 'fopen': This function or variable may be unsafe. Consider using fopen_s instead. To disable deprecation, use _CRT_SECURE_NO_WARNINGS. See online help for details.
                 c:\program files (x86)\microsoft visual studio 12.0\vc\include\stdio.h(211) : see declaration of 'fopen'
     1>c:\users\dell\documents\visual studio 2013\projects\project5\project5\source.cpp(121): warning C4101: 'y' : unreferenced local variable
     1>c:\users\dell\documents\visual studio 2013\projects\project5\project5\source.cpp(121): warning C4101: 'x' : unreferenced local variable
     1>c:\users\dell\documents\visual studio 2013\projects\project5\project5\source.cpp(152): warning C4996: 'strdup': The POSIX name for this item is deprecated. Instead, use the ISO C++ conformant name: _strdup. See online help for details.
                 c:\program files (x86)\microsoft visual studio 12.0\vc\include\string.h(245) : see declaration of 'strdup'
     1>c:\users\dell\documents\visual studio 2013\projects\project5\project5\source.cpp(156): warning C4996: 'strdup': The POSIX name for this item is deprecated. Instead, use the ISO C++ conformant name: _strdup. See online help for details.
                 c:\program files (x86)\microsoft visual studio 12.0\vc\include\string.h(245) : see declaration of 'strdup'
       Link:
         C:\Program Files (x86)\Microsoft Visual Studio 12.0\VC\bin\link.exe /ERRORREPORT:PROMPT /OUT:"C:\Users\DELL\documents\visual studio 2013\Projects\Project5\Debug\Project5.exe" /INCREMENTAL /NOLOGO /LIBPATH:"C:\Program Files\NVIDIA GPU Computing Toolkit\CUDA\v7.5\lib\Win32" OpenCL.lib kernel32.lib user32.lib gdi32.lib winspool.lib comdlg32.lib advapi32.lib shell32.lib ole32.lib oleaut32.lib uuid.lib odbc32.lib odbccp32.lib kernel32.lib user32.lib gdi32.lib winspool.lib comdlg32.lib advapi32.lib shell32.lib ole32.lib oleaut32.lib uuid.lib odbc32.lib odbccp32.lib /MANIFEST /MANIFESTUAC:"level='asInvoker' uiAccess='false'" /manifest:embed /DEBUG /PDB:"C:\Users\DELL\documents\visual studio 2013\Projects\Project5\Debug\Project5.pdb" /TLBID:1 /DYNAMICBASE /NXCOMPAT /IMPLIB:"C:\Users\DELL\documents\visual studio 2013\Projects\Project5\Debug\Project5.lib" /MACHINE:X86 Debug\Source.obj
         Project5.vcxproj -> C:\Users\DELL\documents\visual studio 2013\Projects\Project5\Debug\Project5.exe
     1>Done Building Project "C:\Users\DELL\documents\visual studio 2013\Projects\Project5\Project5\Project5.vcxproj" (Build target(s)).

Build succeeded.

Time Elapsed 00:00:01.88
